[2023-04-28T15:27:39.775233+00:00] mvc-app.INFO:                      Status Code: 200 {"Path":"/","Method":"GET"} []
[2023-04-28T21:02:11.197977+00:00] mvc-app.INFO:                      Status Code: 200 {"Path":"/","Method":"GET"} []
[2023-04-28T21:04:05.717459+00:00] mvc-app.INFO:                      Status Code: 200 {"Path":"/","Method":"GET"} []
[2023-04-28T21:04:32.809713+00:00] mvc-app.INFO:                      Status Code: 200 {"Path":"/","Method":"GET"} []
[2023-04-28T21:04:33.889738+00:00] mvc-app.INFO:                      Status Code: 200 {"Path":"/","Method":"GET"} []
[2023-04-28T21:04:34.602223+00:00] mvc-app.INFO:                      Status Code: 200 {"Path":"/","Method":"GET"} []
[2023-04-28T21:05:09.263946+00:00] mvc-app.INFO:                      Status Code: 200 {"Path":"/","Method":"GET"} []
[2023-04-28T21:05:48.124226+00:00] mvc-app.INFO:                      Status Code: 200 {"Path":"/","Method":"GET"} []
[2023-04-28T21:06:35.130715+00:00] mvc-app.INFO:                      Status Code: 200 {"Path":"/","Method":"GET"} []
[2023-04-28T21:09:06.766430+00:00] mvc-app.INFO:                      Status Code: 200 {"Path":"/","Method":"GET"} []
[2023-04-28T21:09:53.063522+00:00] mvc-app.INFO:                      Status Code: 200 {"Path":"/","Method":"GET"} []
[2023-04-28T21:14:00.344761+00:00] mvc-app.INFO:                      Status Code: 200 {"Path":"/","Method":"GET"} []
[2023-04-28T21:14:45.989308+00:00] mvc-app.INFO:                      Status Code: 200 {"Path":"/","Method":"GET"} []
[2023-04-28T21:15:04.312875+00:00] mvc-app.INFO:                      Status Code: 200 {"Path":"/","Method":"GET"} []
[2023-04-28T21:15:54.404077+00:00] mvc-app.INFO:                      Status Code: 200 {"Path":"/","Method":"GET"} []
[2023-04-28T21:16:36.147782+00:00] mvc-app.INFO:                      Status Code: 200 {"Path":"/","Method":"GET"} []
[2023-04-28T21:22:01.805519+00:00] mvc-app.INFO:                      Status Code: 200 {"Path":"/","Method":"GET"} []
[2023-04-29T22:31:41.479907+00:00] mvc-app.INFO:                      Status Code: 200 {"Path":"/","Method":"GET"} []
[2023-04-29T22:32:29.823540+00:00] mvc-app.INFO:                      Status Code: 200 {"Path":"/","Method":"GET"} []
[2023-04-29T22:32:45.525355+00:00] mvc-app.INFO:                      Status Code: 200 {"Path":"/","Method":"GET"} []
[2023-04-29T22:33:32.456071+00:00] mvc-app.INFO:                      Status Code: 200 {"Path":"/","Method":"GET"} []
[2023-04-29T22:40:14.729229+00:00] mvc-app.INFO:                      Status Code: 200 {"Path":"/","Method":"GET"} []
[2023-04-29T22:41:52.405349+00:00] mvc-app.INFO:                      Status Code: 200 {"Path":"/","Method":"GET"} []
[2023-04-29T22:42:01.977769+00:00] mvc-app.INFO:                      Status Code: 200 {"Path":"/","Method":"GET"} []
[2023-04-29T22:42:26.428576+00:00] mvc-app.INFO:                      Status Code: 200 {"Path":"/","Method":"GET"} []
[2023-04-29T22:42:33.008741+00:00] mvc-app.INFO:                      Status Code: 200 {"Path":"/","Method":"GET"} []
[2023-04-29T22:42:36.230028+00:00] mvc-app.INFO:                      Status Code: 200 {"Path":"/","Method":"GET"} []
[2023-04-29T22:42:39.752970+00:00] mvc-app.DEBUG: Status Code:404 - Route Not Found {"ERROR":"[object] (Paw\\Core\\Exceptions\\RouteNotFoundException(code: 0): No existe ruta para este path at C:\\Users\\leo_2\\OneDrive\\Documentos\\GitHub\\PAW\\src\\Core\\Router.php:46)"} []
[2023-04-29T22:48:13.972656+00:00] mvc-app.INFO:                      Status Code: 200 {"Path":"/","Method":"GET"} []
[2023-04-29T22:49:04.522082+00:00] mvc-app.INFO:                      Status Code: 200 {"Path":"/","Method":"GET"} []
[2023-04-29T22:49:07.306324+00:00] mvc-app.DEBUG: Status Code:404 - Route Not Found {"ERROR":"[object] (Paw\\Core\\Exceptions\\RouteNotFoundException(code: 0): No existe ruta para este path at C:\\Users\\leo_2\\OneDrive\\Documentos\\GitHub\\PAW\\src\\Core\\Router.php:46)"} []
[2023-04-29T22:49:42.669749+00:00] mvc-app.INFO:                      Status Code: 200 {"Path":"/","Method":"GET"} []
[2023-04-29T22:51:23.306212+00:00] mvc-app.INFO:                      Status Code: 200 {"Path":"/","Method":"GET"} []
[2023-04-29T22:51:54.414315+00:00] mvc-app.INFO:                      Status Code: 200 {"Path":"/","Method":"GET"} []
[2023-04-29T22:51:55.609360+00:00] mvc-app.DEBUG: Status Code:404 - Route Not Found {"ERROR":"[object] (Paw\\Core\\Exceptions\\RouteNotFoundException(code: 0): No existe ruta para este path at C:\\Users\\leo_2\\OneDrive\\Documentos\\GitHub\\PAW\\src\\Core\\Router.php:46)"} []
[2023-04-29T22:54:15.641394+00:00] mvc-app.INFO:                      Status Code: 200 {"Path":"/","Method":"GET"} []
[2023-04-29T22:57:17.807037+00:00] mvc-app.INFO:                      Status Code: 200 {"Path":"/","Method":"GET"} []
[2023-04-29T23:00:29.129360+00:00] mvc-app.INFO:                      Status Code: 200 {"Path":"/","Method":"GET"} []
[2023-04-29T23:00:30.891283+00:00] mvc-app.INFO:                      Status Code: 200 {"Path":"/","Method":"GET"} []
[2023-04-29T23:01:15.069203+00:00] mvc-app.INFO:                      Status Code: 200 {"Path":"/","Method":"GET"} []
[2023-04-29T23:05:56.493381+00:00] mvc-app.INFO:                      Status Code: 200 {"Path":"/","Method":"GET"} []
[2023-04-29T23:05:57.921842+00:00] mvc-app.DEBUG: Status Code:404 - Route Not Found {"ERROR":"[object] (Paw\\Core\\Exceptions\\RouteNotFoundException(code: 0): No existe ruta para este path at C:\\Users\\leo_2\\OneDrive\\Documentos\\GitHub\\PAW\\src\\Core\\Router.php:46)"} []
[2023-04-29T23:07:11.009899+00:00] mvc-app.DEBUG: Status Code:404 - Route Not Found {"ERROR":"[object] (Paw\\Core\\Exceptions\\RouteNotFoundException(code: 0): No existe ruta para este path at C:\\Users\\leo_2\\OneDrive\\Documentos\\GitHub\\PAW\\src\\Core\\Router.php:47)"} []
[2023-04-29T23:07:13.340389+00:00] mvc-app.DEBUG: Status Code:404 - Route Not Found {"ERROR":"[object] (Paw\\Core\\Exceptions\\RouteNotFoundException(code: 0): No existe ruta para este path at C:\\Users\\leo_2\\OneDrive\\Documentos\\GitHub\\PAW\\src\\Core\\Router.php:47)"} []
[2023-04-29T23:07:13.977197+00:00] mvc-app.DEBUG: Status Code:404 - Route Not Found {"ERROR":"[object] (Paw\\Core\\Exceptions\\RouteNotFoundException(code: 0): No existe ruta para este path at C:\\Users\\leo_2\\OneDrive\\Documentos\\GitHub\\PAW\\src\\Core\\Router.php:47)"} []
[2023-04-29T23:07:14.261913+00:00] mvc-app.DEBUG: Status Code:404 - Route Not Found {"ERROR":"[object] (Paw\\Core\\Exceptions\\RouteNotFoundException(code: 0): No existe ruta para este path at C:\\Users\\leo_2\\OneDrive\\Documentos\\GitHub\\PAW\\src\\Core\\Router.php:47)"} []
[2023-04-29T23:07:14.433643+00:00] mvc-app.DEBUG: Status Code:404 - Route Not Found {"ERROR":"[object] (Paw\\Core\\Exceptions\\RouteNotFoundException(code: 0): No existe ruta para este path at C:\\Users\\leo_2\\OneDrive\\Documentos\\GitHub\\PAW\\src\\Core\\Router.php:47)"} []
[2023-04-29T23:08:32.255426+00:00] mvc-app.DEBUG: Status Code:404 - Route Not Found {"ERROR":"[object] (Paw\\Core\\Exceptions\\RouteNotFoundException(code: 0): No existe ruta para este path at C:\\Users\\leo_2\\OneDrive\\Documentos\\GitHub\\PAW\\src\\Core\\Router.php:46)"} []
[2023-04-29T23:08:50.301685+00:00] mvc-app.DEBUG: Status Code:404 - Route Not Found {"ERROR":"[object] (Paw\\Core\\Exceptions\\RouteNotFoundException(code: 0): No existe ruta para este path at C:\\Users\\leo_2\\OneDrive\\Documentos\\GitHub\\PAW\\src\\Core\\Router.php:46)"} []
[2023-04-29T23:10:33.633161+00:00] mvc-app.DEBUG: Status Code:404 - Route Not Found {"ERROR":"[object] (Paw\\Core\\Exceptions\\RouteNotFoundException(code: 0): No existe ruta para este path at C:\\Users\\leo_2\\OneDrive\\Documentos\\GitHub\\PAW\\src\\Core\\Router.php:46)"} []
[2023-04-29T23:10:40.886332+00:00] mvc-app.DEBUG: Status Code:404 - Route Not Found {"ERROR":"[object] (Paw\\Core\\Exceptions\\RouteNotFoundException(code: 0): No existe ruta para este path at C:\\Users\\leo_2\\OneDrive\\Documentos\\GitHub\\PAW\\src\\Core\\Router.php:46)"} []
[2023-04-29T23:11:18.860166+00:00] mvc-app.DEBUG: Status Code:404 - Route Not Found {"ERROR":"[object] (Paw\\Core\\Exceptions\\RouteNotFoundException(code: 0): No existe ruta para este path at C:\\Users\\leo_2\\OneDrive\\Documentos\\GitHub\\PAW\\src\\Core\\Router.php:46)"} []
[2023-04-29T23:11:21.544815+00:00] mvc-app.DEBUG: Status Code:404 - Route Not Found {"ERROR":"[object] (Paw\\Core\\Exceptions\\RouteNotFoundException(code: 0): No existe ruta para este path at C:\\Users\\leo_2\\OneDrive\\Documentos\\GitHub\\PAW\\src\\Core\\Router.php:46)"} []
[2023-04-29T23:12:26.194229+00:00] mvc-app.DEBUG: Status Code:404 - Route Not Found {"ERROR":"[object] (Paw\\Core\\Exceptions\\RouteNotFoundException(code: 0): No existe ruta para este path at C:\\Users\\leo_2\\OneDrive\\Documentos\\GitHub\\PAW\\src\\Core\\Router.php:46)"} []
[2023-04-29T23:17:39.308245+00:00] mvc-app.INFO:                      Status Code: 200 {"Path":"/","Method":"GET"} []
[2023-04-29T23:17:40.316026+00:00] mvc-app.DEBUG: Status Code:404 - Route Not Found {"ERROR":"[object] (Paw\\Core\\Exceptions\\RouteNotFoundException(code: 0): No existe ruta para este path at C:\\Users\\leo_2\\OneDrive\\Documentos\\GitHub\\PAW\\src\\Core\\Router.php:46)"} []
[2023-04-29T23:18:24.008465+00:00] mvc-app.DEBUG: Status Code:404 - Route Not Found {"ERROR":"[object] (Paw\\Core\\Exceptions\\RouteNotFoundException(code: 0): No existe ruta para este path at C:\\Users\\leo_2\\OneDrive\\Documentos\\GitHub\\PAW\\src\\Core\\Router.php:46)"} []
[2023-04-29T23:18:26.468177+00:00] mvc-app.DEBUG: Status Code:404 - Route Not Found {"ERROR":"[object] (Paw\\Core\\Exceptions\\RouteNotFoundException(code: 0): No existe ruta para este path at C:\\Users\\leo_2\\OneDrive\\Documentos\\GitHub\\PAW\\src\\Core\\Router.php:46)"} []
[2023-04-29T23:18:29.031787+00:00] mvc-app.DEBUG: Status Code:404 - Route Not Found {"ERROR":"[object] (Paw\\Core\\Exceptions\\RouteNotFoundException(code: 0): No existe ruta para este path at C:\\Users\\leo_2\\OneDrive\\Documentos\\GitHub\\PAW\\src\\Core\\Router.php:46)"} []
[2023-04-29T23:18:30.766597+00:00] mvc-app.INFO:                      Status Code: 200 {"Path":"/","Method":"GET"} []
[2023-04-29T23:18:31.289753+00:00] mvc-app.INFO:                      Status Code: 200 {"Path":"/","Method":"GET"} []
[2023-04-29T23:18:32.268713+00:00] mvc-app.DEBUG: Status Code:404 - Route Not Found {"ERROR":"[object] (Paw\\Core\\Exceptions\\RouteNotFoundException(code: 0): No existe ruta para este path at C:\\Users\\leo_2\\OneDrive\\Documentos\\GitHub\\PAW\\src\\Core\\Router.php:46)"} []
[2023-04-29T23:19:40.593675+00:00] mvc-app.INFO:                      Status Code: 200 {"Path":"/","Method":"GET"} []
[2023-04-29T23:19:41.664093+00:00] mvc-app.INFO:                      Status Code: 200 {"Path":"/autoridades","Method":"GET"} []
[2023-04-29T23:20:48.742282+00:00] mvc-app.INFO:                      Status Code: 200 {"Path":"/","Method":"GET"} []
[2023-04-29T23:20:50.136949+00:00] mvc-app.INFO:                      Status Code: 200 {"Path":"/institucional/autoridades","Method":"GET"} []
[2023-04-29T23:21:07.314443+00:00] mvc-app.INFO:                      Status Code: 200 {"Path":"/institucional/autoridades","Method":"GET"} []
[2023-04-29T23:21:10.112381+00:00] mvc-app.INFO:                      Status Code: 200 {"Path":"/institucional/autoridades","Method":"GET"} []
[2023-04-29T23:24:19.805112+00:00] mvc-app.INFO:                      Status Code: 200 {"Path":"/institucional/autoridades","Method":"GET"} []
[2023-04-29T23:24:56.510291+00:00] mvc-app.INFO:                      Status Code: 200 {"Path":"/institucional/autoridades","Method":"GET"} []
[2023-04-29T23:25:16.703121+00:00] mvc-app.INFO:                      Status Code: 200 {"Path":"/institucional/autoridades","Method":"GET"} []
[2023-04-29T23:25:17.272121+00:00] mvc-app.INFO:                      Status Code: 200 {"Path":"/institucional/autoridades","Method":"GET"} []
[2023-04-29T23:25:21.177181+00:00] mvc-app.INFO:                      Status Code: 200 {"Path":"/institucional/autoridades","Method":"GET"} []
[2023-04-29T23:26:17.006877+00:00] mvc-app.INFO:                      Status Code: 200 {"Path":"/institucional/autoridades","Method":"GET"} []
[2023-04-29T23:26:34.298418+00:00] mvc-app.INFO:                      Status Code: 200 {"Path":"/institucional/autoridades","Method":"GET"} []
[2023-04-29T23:27:32.950825+00:00] mvc-app.INFO:                      Status Code: 200 {"Path":"/institucional/autoridades","Method":"GET"} []
[2023-04-29T23:27:51.254819+00:00] mvc-app.INFO:                      Status Code: 200 {"Path":"/institucional/autoridades","Method":"GET"} []
[2023-04-29T23:27:51.922508+00:00] mvc-app.INFO:                      Status Code: 200 {"Path":"/institucional/autoridades","Method":"GET"} []
[2023-04-29T23:28:36.120473+00:00] mvc-app.INFO:                      Status Code: 200 {"Path":"/institucional/autoridades","Method":"GET"} []
[2023-04-29T23:29:42.773159+00:00] mvc-app.INFO:                      Status Code: 200 {"Path":"/institucional/autoridades","Method":"GET"} []
[2023-04-29T23:29:49.328338+00:00] mvc-app.INFO:                      Status Code: 200 {"Path":"/","Method":"GET"} []
[2023-04-29T23:29:51.291927+00:00] mvc-app.INFO:                      Status Code: 200 {"Path":"/institucional/autoridades","Method":"GET"} []
[2023-04-29T23:30:15.128584+00:00] mvc-app.INFO:                      Status Code: 200 {"Path":"/institucional/autoridades","Method":"GET"} []
[2023-04-29T23:30:42.255893+00:00] mvc-app.INFO:                      Status Code: 200 {"Path":"/institucional/autoridades","Method":"GET"} []
[2023-04-29T23:31:00.198865+00:00] mvc-app.INFO:                      Status Code: 200 {"Path":"/institucional/autoridades","Method":"GET"} []
[2023-04-29T23:31:13.357370+00:00] mvc-app.INFO:                      Status Code: 200 {"Path":"/institucional/autoridades","Method":"GET"} []
[2023-04-29T23:31:39.896611+00:00] mvc-app.INFO:                      Status Code: 200 {"Path":"/","Method":"GET"} []
[2023-04-29T23:32:04.272194+00:00] mvc-app.INFO:                      Status Code: 200 {"Path":"/","Method":"GET"} []
[2023-04-29T23:32:32.406393+00:00] mvc-app.INFO:                      Status Code: 200 {"Path":"/","Method":"GET"} []
[2023-04-29T23:33:45.010257+00:00] mvc-app.INFO:                      Status Code: 200 {"Path":"/institucional/autoridades","Method":"GET"} []
[2023-04-29T23:34:08.352804+00:00] mvc-app.INFO:                      Status Code: 200 {"Path":"/","Method":"GET"} []
[2023-04-29T23:34:43.038201+00:00] mvc-app.INFO:                      Status Code: 200 {"Path":"/","Method":"GET"} []
[2023-04-29T23:36:02.808843+00:00] mvc-app.INFO:                      Status Code: 200 {"Path":"/","Method":"GET"} []
[2023-04-30T00:05:57.008298+00:00] mvc-app.INFO:                      Status Code: 200 {"Path":"/","Method":"GET"} []
[2023-04-30T00:07:04.168208+00:00] mvc-app.INFO:                      Status Code: 200 {"Path":"/","Method":"GET"} []
[2023-04-30T00:07:07.555275+00:00] mvc-app.INFO:                      Status Code: 200 {"Path":"/institucional/autoridades","Method":"GET"} []
[2023-04-30T21:23:25.058201+00:00] mvc-app.INFO:                      Status Code: 200 {"Path":"/","Method":"GET"} []
[2023-04-30T21:23:42.094600+00:00] mvc-app.INFO:                      Status Code: 200 {"Path":"/institucional/autoridades","Method":"GET"} []
[2023-04-30T21:23:45.179054+00:00] mvc-app.DEBUG: Status Code:404 - Route Not Found {"ERROR":"[object] (Paw\\Core\\Exceptions\\RouteNotFoundException(code: 0): No existe ruta para este path at C:\\Users\\leo_2\\OneDrive\\Documentos\\GitHub\\PAW\\src\\Core\\Router.php:46)"} []
[2023-04-30T21:23:48.480640+00:00] mvc-app.DEBUG: Status Code:404 - Route Not Found {"ERROR":"[object] (Paw\\Core\\Exceptions\\RouteNotFoundException(code: 0): No existe ruta para este path at C:\\Users\\leo_2\\OneDrive\\Documentos\\GitHub\\PAW\\src\\Core\\Router.php:46)"} []
[2023-04-30T21:23:59.126971+00:00] mvc-app.INFO:                      Status Code: 200 {"Path":"/","Method":"GET"} []
[2023-04-30T21:27:15.863657+00:00] mvc-app.INFO:                      Status Code: 200 {"Path":"/","Method":"GET"} []
[2023-04-30T22:10:20.682423+00:00] mvc-app.INFO:                      Status Code: 200 {"Path":"/","Method":"GET"} []
[2023-04-30T22:10:23.019589+00:00] mvc-app.DEBUG: Status Code:404 - Route Not Found {"ERROR":"[object] (Paw\\Core\\Exceptions\\RouteNotFoundException(code: 0): No existe ruta para este path at C:\\Users\\leo_2\\OneDrive\\Documentos\\GitHub\\PAW\\src\\Core\\Router.php:46)"} []
[2023-04-30T22:10:53.345135+00:00] mvc-app.INFO:                      Status Code: 200 {"Path":"/institucional/autoridades","Method":"GET"} []
[2023-04-30T22:12:50.255172+00:00] mvc-app.INFO:                      Status Code: 200 {"Path":"/institucional/historia","Method":"GET"} []
[2023-04-30T22:13:38.644468+00:00] mvc-app.INFO:                      Status Code: 200 {"Path":"/institucional/historia","Method":"GET"} []
[2023-04-30T22:20:16.077662+00:00] mvc-app.INFO:                      Status Code: 200 {"Path":"/","Method":"GET"} []
[2023-04-30T22:21:46.700250+00:00] mvc-app.INFO:                      Status Code: 200 {"Path":"/institucional/autoridades","Method":"GET"} []
[2023-04-30T22:24:12.884903+00:00] mvc-app.INFO:                      Status Code: 200 {"Path":"/institucional/autoridades","Method":"GET"} []
[2023-04-30T22:24:18.320213+00:00] mvc-app.INFO:                      Status Code: 200 {"Path":"/","Method":"GET"} []
[2023-04-30T22:24:31.611776+00:00] mvc-app.INFO:                      Status Code: 200 {"Path":"/institucional/autoridades","Method":"GET"} []
[2023-04-30T22:24:42.781005+00:00] mvc-app.INFO:                      Status Code: 200 {"Path":"/institucional/autoridades","Method":"GET"} []
[2023-04-30T22:26:19.792526+00:00] mvc-app.INFO:                      Status Code: 200 {"Path":"/","Method":"GET"} []
[2023-04-30T22:26:32.476265+00:00] mvc-app.INFO:                      Status Code: 200 {"Path":"/","Method":"GET"} []
[2023-04-30T22:27:12.656460+00:00] mvc-app.INFO:                      Status Code: 200 {"Path":"/","Method":"GET"} []
[2023-04-30T22:27:17.543943+00:00] mvc-app.INFO:                      Status Code: 200 {"Path":"/","Method":"GET"} []
[2023-04-30T22:27:18.161867+00:00] mvc-app.INFO:                      Status Code: 200 {"Path":"/","Method":"GET"} []
[2023-04-30T22:27:18.454639+00:00] mvc-app.INFO:                      Status Code: 200 {"Path":"/","Method":"GET"} []
[2023-04-30T22:27:45.296355+00:00] mvc-app.INFO:                      Status Code: 200 {"Path":"/","Method":"GET"} []
[2023-04-30T22:27:45.717999+00:00] mvc-app.INFO:                      Status Code: 200 {"Path":"/","Method":"GET"} []
[2023-04-30T22:27:51.070974+00:00] mvc-app.INFO:                      Status Code: 200 {"Path":"/","Method":"GET"} []
[2023-04-30T22:27:51.586532+00:00] mvc-app.INFO:                      Status Code: 200 {"Path":"/","Method":"GET"} []
[2023-04-30T22:27:51.910771+00:00] mvc-app.INFO:                      Status Code: 200 {"Path":"/","Method":"GET"} []
[2023-04-30T22:27:56.847211+00:00] mvc-app.INFO:                      Status Code: 200 {"Path":"/","Method":"GET"} []
[2023-04-30T22:27:57.407535+00:00] mvc-app.INFO:                      Status Code: 200 {"Path":"/","Method":"GET"} []
[2023-04-30T22:28:05.277630+00:00] mvc-app.INFO:                      Status Code: 200 {"Path":"/","Method":"GET"} []
[2023-04-30T22:28:05.876089+00:00] mvc-app.INFO:                      Status Code: 200 {"Path":"/","Method":"GET"} []
[2023-04-30T22:28:06.199880+00:00] mvc-app.INFO:                      Status Code: 200 {"Path":"/","Method":"GET"} []
[2023-04-30T22:28:18.547966+00:00] mvc-app.INFO:                      Status Code: 200 {"Path":"/","Method":"GET"} []
[2023-04-30T22:28:26.349336+00:00] mvc-app.INFO:                      Status Code: 200 {"Path":"/","Method":"GET"} []
[2023-04-30T22:28:31.891221+00:00] mvc-app.INFO:                      Status Code: 200 {"Path":"/institucional/autoridades","Method":"GET"} []
[2023-04-30T22:28:47.588816+00:00] mvc-app.INFO:                      Status Code: 200 {"Path":"/institucional/autoridades","Method":"GET"} []
